{"/home/vaxeng/Documents/lottery_app_api/Processes.js": {"path":"/home/vaxeng/Documents/lottery_app_api/Processes.js","statementMap":{"0":{"start":{"line":2,"column":19},"end":{"line":2,"column":52}},"1":{"start":{"line":3,"column":15},"end":{"line":3,"column":45}},"2":{"start":{"line":6,"column":13},"end":{"line":21,"column":1}},"3":{"start":{"line":8,"column":4},"end":{"line":8,"column":27}},"4":{"start":{"line":10,"column":4},"end":{"line":20,"column":7}},"5":{"start":{"line":12,"column":8},"end":{"line":19,"column":9}},"6":{"start":{"line":13,"column":12},"end":{"line":13,"column":30}},"7":{"start":{"line":14,"column":12},"end":{"line":14,"column":46}},"8":{"start":{"line":17,"column":12},"end":{"line":17,"column":32}},"9":{"start":{"line":18,"column":12},"end":{"line":18,"column":41}},"10":{"start":{"line":23,"column":10},"end":{"line":40,"column":1}},"11":{"start":{"line":25,"column":4},"end":{"line":25,"column":27}},"12":{"start":{"line":27,"column":4},"end":{"line":39,"column":7}},"13":{"start":{"line":28,"column":8},"end":{"line":31,"column":9}},"14":{"start":{"line":29,"column":12},"end":{"line":29,"column":30}},"15":{"start":{"line":30,"column":12},"end":{"line":30,"column":46}},"16":{"start":{"line":32,"column":8},"end":{"line":38,"column":9}},"17":{"start":{"line":33,"column":12},"end":{"line":33,"column":89}},"18":{"start":{"line":36,"column":12},"end":{"line":36,"column":32}},"19":{"start":{"line":37,"column":12},"end":{"line":37,"column":53}},"20":{"start":{"line":42,"column":10},"end":{"line":61,"column":1}},"21":{"start":{"line":44,"column":4},"end":{"line":44,"column":27}},"22":{"start":{"line":46,"column":4},"end":{"line":60,"column":7}},"23":{"start":{"line":47,"column":8},"end":{"line":50,"column":9}},"24":{"start":{"line":48,"column":12},"end":{"line":48,"column":30}},"25":{"start":{"line":49,"column":12},"end":{"line":49,"column":46}},"26":{"start":{"line":52,"column":8},"end":{"line":59,"column":9}},"27":{"start":{"line":53,"column":12},"end":{"line":53,"column":74}},"28":{"start":{"line":57,"column":12},"end":{"line":57,"column":32}},"29":{"start":{"line":58,"column":12},"end":{"line":58,"column":41}},"30":{"start":{"line":64,"column":13},"end":{"line":79,"column":1}},"31":{"start":{"line":65,"column":4},"end":{"line":65,"column":27}},"32":{"start":{"line":66,"column":4},"end":{"line":78,"column":7}},"33":{"start":{"line":67,"column":8},"end":{"line":70,"column":9}},"34":{"start":{"line":68,"column":12},"end":{"line":68,"column":30}},"35":{"start":{"line":69,"column":12},"end":{"line":69,"column":46}},"36":{"start":{"line":71,"column":8},"end":{"line":77,"column":9}},"37":{"start":{"line":72,"column":12},"end":{"line":72,"column":74}},"38":{"start":{"line":75,"column":12},"end":{"line":75,"column":32}},"39":{"start":{"line":76,"column":12},"end":{"line":76,"column":41}},"40":{"start":{"line":81,"column":0},"end":{"line":81,"column":43}}},"fnMap":{"0":{"name":"(anonymous_0)","decl":{"start":{"line":6,"column":13},"end":{"line":6,"column":14}},"loc":{"start":{"line":6,"column":63},"end":{"line":21,"column":1}},"line":6},"1":{"name":"(anonymous_1)","decl":{"start":{"line":10,"column":44},"end":{"line":10,"column":45}},"loc":{"start":{"line":10,"column":62},"end":{"line":20,"column":5}},"line":10},"2":{"name":"(anonymous_2)","decl":{"start":{"line":23,"column":10},"end":{"line":23,"column":11}},"loc":{"start":{"line":23,"column":60},"end":{"line":40,"column":1}},"line":23},"3":{"name":"(anonymous_3)","decl":{"start":{"line":27,"column":44},"end":{"line":27,"column":45}},"loc":{"start":{"line":27,"column":62},"end":{"line":39,"column":5}},"line":27},"4":{"name":"(anonymous_4)","decl":{"start":{"line":42,"column":10},"end":{"line":42,"column":11}},"loc":{"start":{"line":42,"column":60},"end":{"line":61,"column":1}},"line":42},"5":{"name":"(anonymous_5)","decl":{"start":{"line":46,"column":44},"end":{"line":46,"column":45}},"loc":{"start":{"line":46,"column":62},"end":{"line":60,"column":5}},"line":46},"6":{"name":"(anonymous_6)","decl":{"start":{"line":64,"column":13},"end":{"line":64,"column":14}},"loc":{"start":{"line":64,"column":63},"end":{"line":79,"column":1}},"line":64},"7":{"name":"(anonymous_7)","decl":{"start":{"line":66,"column":44},"end":{"line":66,"column":45}},"loc":{"start":{"line":66,"column":62},"end":{"line":78,"column":5}},"line":66}},"branchMap":{"0":{"loc":{"start":{"line":12,"column":8},"end":{"line":19,"column":9}},"type":"if","locations":[{"start":{"line":12,"column":8},"end":{"line":19,"column":9}},{"start":{"line":12,"column":8},"end":{"line":19,"column":9}}],"line":12},"1":{"loc":{"start":{"line":28,"column":8},"end":{"line":31,"column":9}},"type":"if","locations":[{"start":{"line":28,"column":8},"end":{"line":31,"column":9}},{"start":{"line":28,"column":8},"end":{"line":31,"column":9}}],"line":28},"2":{"loc":{"start":{"line":32,"column":8},"end":{"line":38,"column":9}},"type":"if","locations":[{"start":{"line":32,"column":8},"end":{"line":38,"column":9}},{"start":{"line":32,"column":8},"end":{"line":38,"column":9}}],"line":32},"3":{"loc":{"start":{"line":47,"column":8},"end":{"line":50,"column":9}},"type":"if","locations":[{"start":{"line":47,"column":8},"end":{"line":50,"column":9}},{"start":{"line":47,"column":8},"end":{"line":50,"column":9}}],"line":47},"4":{"loc":{"start":{"line":52,"column":8},"end":{"line":59,"column":9}},"type":"if","locations":[{"start":{"line":52,"column":8},"end":{"line":59,"column":9}},{"start":{"line":52,"column":8},"end":{"line":59,"column":9}}],"line":52},"5":{"loc":{"start":{"line":67,"column":8},"end":{"line":70,"column":9}},"type":"if","locations":[{"start":{"line":67,"column":8},"end":{"line":70,"column":9}},{"start":{"line":67,"column":8},"end":{"line":70,"column":9}}],"line":67},"6":{"loc":{"start":{"line":71,"column":8},"end":{"line":77,"column":9}},"type":"if","locations":[{"start":{"line":71,"column":8},"end":{"line":77,"column":9}},{"start":{"line":71,"column":8},"end":{"line":77,"column":9}}],"line":71}},"s":{"0":2,"1":2,"2":2,"3":0,"4":0,"5":0,"6":0,"7":0,"8":0,"9":0,"10":2,"11":2,"12":2,"13":2,"14":0,"15":0,"16":2,"17":1,"18":1,"19":1,"20":2,"21":1,"22":1,"23":1,"24":0,"25":0,"26":1,"27":0,"28":1,"29":1,"30":2,"31":0,"32":0,"33":0,"34":0,"35":0,"36":0,"37":0,"38":0,"39":0,"40":2},"f":{"0":0,"1":0,"2":2,"3":2,"4":1,"5":1,"6":0,"7":0},"b":{"0":[0,0],"1":[0,2],"2":[1,1],"3":[0,1],"4":[0,1],"5":[0,0],"6":[0,0]},"_coverageSchema":"1a1c01bbd47fc00a2c39e90264f33305004495a9","hash":"75d595d63cb4be81f987e44355989589d704b522"}
,"/home/vaxeng/Documents/lottery_app_api/server.js": {"path":"/home/vaxeng/Documents/lottery_app_api/server.js","statementMap":{"0":{"start":{"line":1,"column":16},"end":{"line":1,"column":34}},"1":{"start":{"line":2,"column":12},"end":{"line":2,"column":21}},"2":{"start":{"line":3,"column":13},"end":{"line":3,"column":28}},"3":{"start":{"line":4,"column":17},"end":{"line":4,"column":39}},"4":{"start":{"line":7,"column":0},"end":{"line":7,"column":48}},"5":{"start":{"line":8,"column":0},"end":{"line":8,"column":24}},"6":{"start":{"line":9,"column":0},"end":{"line":9,"column":15}},"7":{"start":{"line":10,"column":0},"end":{"line":10,"column":27}},"8":{"start":{"line":11,"column":0},"end":{"line":11,"column":51}},"9":{"start":{"line":16,"column":16},"end":{"line":16,"column":49}},"10":{"start":{"line":17,"column":15},"end":{"line":17,"column":47}},"11":{"start":{"line":19,"column":0},"end":{"line":19,"column":25}},"12":{"start":{"line":20,"column":0},"end":{"line":20,"column":24}},"13":{"start":{"line":24,"column":13},"end":{"line":24,"column":37}},"14":{"start":{"line":25,"column":0},"end":{"line":25,"column":63}},"15":{"start":{"line":26,"column":0},"end":{"line":26,"column":21}}},"fnMap":{},"branchMap":{"0":{"loc":{"start":{"line":24,"column":13},"end":{"line":24,"column":37}},"type":"binary-expr","locations":[{"start":{"line":24,"column":13},"end":{"line":24,"column":29}},{"start":{"line":24,"column":33},"end":{"line":24,"column":37}}],"line":24}},"s":{"0":2,"1":2,"2":2,"3":2,"4":2,"5":2,"6":2,"7":2,"8":2,"9":2,"10":2,"11":2,"12":2,"13":2,"14":2,"15":2},"f":{},"b":{"0":[2,2]},"_coverageSchema":"1a1c01bbd47fc00a2c39e90264f33305004495a9","hash":"822fe6b39322f3facf63919d2e97944c7019add0"}
,"/home/vaxeng/Documents/lottery_app_api/config-db/connection.js": {"path":"/home/vaxeng/Documents/lottery_app_api/config-db/connection.js","statementMap":{"0":{"start":{"line":2,"column":17},"end":{"line":2,"column":35}},"1":{"start":{"line":4,"column":23},"end":{"line":10,"column":6}},"2":{"start":{"line":12,"column":4},"end":{"line":16,"column":6}},"3":{"start":{"line":13,"column":8},"end":{"line":13,"column":32}},"4":{"start":{"line":15,"column":8},"end":{"line":15,"column":37}},"5":{"start":{"line":18,"column":4},"end":{"line":18,"column":31}}},"fnMap":{"0":{"name":"(anonymous_0)","decl":{"start":{"line":12,"column":30},"end":{"line":12,"column":31}},"loc":{"start":{"line":12,"column":37},"end":{"line":14,"column":5}},"line":12},"1":{"name":"(anonymous_1)","decl":{"start":{"line":14,"column":13},"end":{"line":14,"column":14}},"loc":{"start":{"line":14,"column":20},"end":{"line":16,"column":5}},"line":14}},"branchMap":{},"s":{"0":2,"1":2,"2":2,"3":2,"4":0,"5":2},"f":{"0":2,"1":0},"b":{},"_coverageSchema":"1a1c01bbd47fc00a2c39e90264f33305004495a9","hash":"823d85e5ceb3122e355c888b9f9796f40651e3a4"}
,"/home/vaxeng/Documents/lottery_app_api/config-log/logger.js": {"path":"/home/vaxeng/Documents/lottery_app_api/config-log/logger.js","statementMap":{"0":{"start":{"line":2,"column":16},"end":{"line":2,"column":34}},"1":{"start":{"line":3,"column":15},"end":{"line":19,"column":4}},"2":{"start":{"line":20,"column":2},"end":{"line":20,"column":26}}},"fnMap":{},"branchMap":{},"s":{"0":2,"1":2,"2":2},"f":{},"b":{},"_coverageSchema":"1a1c01bbd47fc00a2c39e90264f33305004495a9","hash":"557b5aa36cc3c3d2f196e9596033d047aaad85a9"}
,"/home/vaxeng/Documents/lottery_app_api/controllers/account.controller.js": {"path":"/home/vaxeng/Documents/lottery_app_api/controllers/account.controller.js","statementMap":{"0":{"start":{"line":3,"column":19},"end":{"line":3,"column":53}},"1":{"start":{"line":4,"column":12},"end":{"line":4,"column":35}},"2":{"start":{"line":5,"column":14},"end":{"line":5,"column":48}},"3":{"start":{"line":6,"column":10},"end":{"line":6,"column":12}},"4":{"start":{"line":7,"column":15},"end":{"line":7,"column":46}},"5":{"start":{"line":8,"column":16},"end":{"line":8,"column":39}},"6":{"start":{"line":10,"column":0},"end":{"line":40,"column":1}},"7":{"start":{"line":12,"column":4},"end":{"line":12,"column":24}},"8":{"start":{"line":14,"column":4},"end":{"line":14,"column":74}},"9":{"start":{"line":16,"column":4},"end":{"line":16,"column":89}},"10":{"start":{"line":18,"column":4},"end":{"line":20,"column":5}},"11":{"start":{"line":19,"column":8},"end":{"line":19,"column":71}},"12":{"start":{"line":21,"column":4},"end":{"line":39,"column":7}},"13":{"start":{"line":23,"column":8},"end":{"line":26,"column":9}},"14":{"start":{"line":24,"column":12},"end":{"line":24,"column":31}},"15":{"start":{"line":25,"column":12},"end":{"line":25,"column":50}},"16":{"start":{"line":27,"column":8},"end":{"line":38,"column":9}},"17":{"start":{"line":29,"column":12},"end":{"line":29,"column":67}},"18":{"start":{"line":32,"column":12},"end":{"line":37,"column":15}},"19":{"start":{"line":33,"column":16},"end":{"line":36,"column":19}},"20":{"start":{"line":44,"column":0},"end":{"line":55,"column":1}},"21":{"start":{"line":45,"column":4},"end":{"line":45,"column":24}},"22":{"start":{"line":46,"column":4},"end":{"line":46,"column":96}},"23":{"start":{"line":47,"column":4},"end":{"line":48,"column":99}},"24":{"start":{"line":48,"column":8},"end":{"line":48,"column":99}},"25":{"start":{"line":49,"column":4},"end":{"line":54,"column":5}}},"fnMap":{"0":{"name":"(anonymous_0)","decl":{"start":{"line":10,"column":16},"end":{"line":10,"column":17}},"loc":{"start":{"line":10,"column":36},"end":{"line":40,"column":1}},"line":10},"1":{"name":"(anonymous_1)","decl":{"start":{"line":21,"column":71},"end":{"line":21,"column":72}},"loc":{"start":{"line":21,"column":91},"end":{"line":39,"column":5}},"line":21},"2":{"name":"(anonymous_2)","decl":{"start":{"line":32,"column":47},"end":{"line":32,"column":48}},"loc":{"start":{"line":32,"column":63},"end":{"line":37,"column":13}},"line":32},"3":{"name":"(anonymous_3)","decl":{"start":{"line":44,"column":24},"end":{"line":44,"column":25}},"loc":{"start":{"line":44,"column":44},"end":{"line":55,"column":1}},"line":44}},"branchMap":{"0":{"loc":{"start":{"line":18,"column":4},"end":{"line":20,"column":5}},"type":"if","locations":[{"start":{"line":18,"column":4},"end":{"line":20,"column":5}},{"start":{"line":18,"column":4},"end":{"line":20,"column":5}}],"line":18},"1":{"loc":{"start":{"line":18,"column":8},"end":{"line":18,"column":47}},"type":"binary-expr","locations":[{"start":{"line":18,"column":8},"end":{"line":18,"column":28}},{"start":{"line":18,"column":32},"end":{"line":18,"column":47}}],"line":18},"2":{"loc":{"start":{"line":23,"column":8},"end":{"line":26,"column":9}},"type":"if","locations":[{"start":{"line":23,"column":8},"end":{"line":26,"column":9}},{"start":{"line":23,"column":8},"end":{"line":26,"column":9}}],"line":23},"3":{"loc":{"start":{"line":27,"column":8},"end":{"line":38,"column":9}},"type":"if","locations":[{"start":{"line":27,"column":8},"end":{"line":38,"column":9}},{"start":{"line":27,"column":8},"end":{"line":38,"column":9}}],"line":27},"4":{"loc":{"start":{"line":47,"column":4},"end":{"line":48,"column":99}},"type":"if","locations":[{"start":{"line":47,"column":4},"end":{"line":48,"column":99}},{"start":{"line":47,"column":4},"end":{"line":48,"column":99}}],"line":47},"5":{"loc":{"start":{"line":47,"column":8},"end":{"line":47,"column":69}},"type":"binary-expr","locations":[{"start":{"line":47,"column":8},"end":{"line":47,"column":28}},{"start":{"line":47,"column":32},"end":{"line":47,"column":47}},{"start":{"line":47,"column":51},"end":{"line":47,"column":69}}],"line":47}},"s":{"0":2,"1":2,"2":2,"3":2,"4":2,"5":2,"6":2,"7":2,"8":2,"9":2,"10":2,"11":0,"12":2,"13":2,"14":0,"15":0,"16":2,"17":1,"18":1,"19":1,"20":2,"21":1,"22":1,"23":1,"24":0,"25":1},"f":{"0":2,"1":2,"2":1,"3":1},"b":{"0":[0,2],"1":[2,2],"2":[0,2],"3":[1,1],"4":[0,1],"5":[1,1,1]},"_coverageSchema":"1a1c01bbd47fc00a2c39e90264f33305004495a9","hash":"3c08ad7a53c7284df95615dac3598aaca6ea567d"}
,"/home/vaxeng/Documents/lottery_app_api/controllers/peiod.controller.js": {"path":"/home/vaxeng/Documents/lottery_app_api/controllers/peiod.controller.js","statementMap":{"0":{"start":{"line":2,"column":19},"end":{"line":2,"column":53}},"1":{"start":{"line":3,"column":10},"end":{"line":3,"column":12}},"2":{"start":{"line":4,"column":16},"end":{"line":4,"column":39}},"3":{"start":{"line":6,"column":0},"end":{"line":19,"column":1}},"4":{"start":{"line":8,"column":23},"end":{"line":8,"column":44}},"5":{"start":{"line":10,"column":4},"end":{"line":12,"column":59}},"6":{"start":{"line":13,"column":4},"end":{"line":18,"column":5}}},"fnMap":{"0":{"name":"(anonymous_0)","decl":{"start":{"line":6,"column":20},"end":{"line":6,"column":21}},"loc":{"start":{"line":6,"column":40},"end":{"line":19,"column":1}},"line":6}},"branchMap":{},"s":{"0":2,"1":2,"2":2,"3":2,"4":2,"5":2,"6":2},"f":{"0":2},"b":{},"_coverageSchema":"1a1c01bbd47fc00a2c39e90264f33305004495a9","hash":"7503aa327d23fa04613d8e2ff7a42a55258ec916"}
,"/home/vaxeng/Documents/lottery_app_api/models/account.model.js": {"path":"/home/vaxeng/Documents/lottery_app_api/models/account.model.js","statementMap":{"0":{"start":{"line":3,"column":11},"end":{"line":7,"column":1}},"1":{"start":{"line":8,"column":13},"end":{"line":11,"column":1}},"2":{"start":{"line":12,"column":0},"end":{"line":12,"column":29}}},"fnMap":{},"branchMap":{},"s":{"0":2,"1":2,"2":2},"f":{},"b":{},"_coverageSchema":"1a1c01bbd47fc00a2c39e90264f33305004495a9","hash":"82fcf86f03ed366a19e8f1822b306ed6e5c26e78"}
,"/home/vaxeng/Documents/lottery_app_api/routes/account.route.js": {"path":"/home/vaxeng/Documents/lottery_app_api/routes/account.route.js","statementMap":{"0":{"start":{"line":2,"column":16},"end":{"line":2,"column":34}},"1":{"start":{"line":3,"column":15},"end":{"line":3,"column":31}},"2":{"start":{"line":4,"column":16},"end":{"line":4,"column":60}},"3":{"start":{"line":6,"column":0},"end":{"line":6,"column":65}},"4":{"start":{"line":7,"column":0},"end":{"line":7,"column":97}},"5":{"start":{"line":9,"column":0},"end":{"line":9,"column":23}}},"fnMap":{},"branchMap":{},"s":{"0":2,"1":2,"2":2,"3":2,"4":2,"5":2},"f":{},"b":{},"_coverageSchema":"1a1c01bbd47fc00a2c39e90264f33305004495a9","hash":"99feea252b7b33070fcef604f3b49187d2ee9740"}
,"/home/vaxeng/Documents/lottery_app_api/routes/period.route.js": {"path":"/home/vaxeng/Documents/lottery_app_api/routes/period.route.js","statementMap":{"0":{"start":{"line":1,"column":16},"end":{"line":1,"column":34}},"1":{"start":{"line":2,"column":15},"end":{"line":2,"column":31}},"2":{"start":{"line":3,"column":22},"end":{"line":3,"column":64}},"3":{"start":{"line":5,"column":0},"end":{"line":5,"column":62}},"4":{"start":{"line":7,"column":0},"end":{"line":7,"column":23}}},"fnMap":{},"branchMap":{},"s":{"0":2,"1":2,"2":2,"3":2,"4":2},"f":{},"b":{},"_coverageSchema":"1a1c01bbd47fc00a2c39e90264f33305004495a9","hash":"578a9945bf2698ca8554a686ad5a1aaee343095d"}
}
