TN:
SF:Processes.js
FN:6,(anonymous_0)
FN:10,(anonymous_1)
FN:23,(anonymous_2)
FN:27,(anonymous_3)
FN:42,(anonymous_4)
FN:46,(anonymous_5)
FN:64,(anonymous_6)
FN:66,(anonymous_7)
FNF:8
FNH:4
FNDA:0,(anonymous_0)
FNDA:0,(anonymous_1)
FNDA:2,(anonymous_2)
FNDA:2,(anonymous_3)
FNDA:1,(anonymous_4)
FNDA:1,(anonymous_5)
FNDA:0,(anonymous_6)
FNDA:0,(anonymous_7)
DA:2,2
DA:3,2
DA:6,2
DA:8,0
DA:10,0
DA:12,0
DA:13,0
DA:14,0
DA:17,0
DA:18,0
DA:23,2
DA:25,2
DA:27,2
DA:28,2
DA:29,0
DA:30,0
DA:32,2
DA:33,1
DA:36,1
DA:37,1
DA:42,2
DA:44,1
DA:46,1
DA:47,1
DA:48,0
DA:49,0
DA:52,1
DA:53,0
DA:57,1
DA:58,1
DA:64,2
DA:65,0
DA:66,0
DA:67,0
DA:68,0
DA:69,0
DA:71,0
DA:72,0
DA:75,0
DA:76,0
DA:81,2
LF:41
LH:20
BRDA:12,0,0,0
BRDA:12,0,1,0
BRDA:28,1,0,0
BRDA:28,1,1,2
BRDA:32,2,0,1
BRDA:32,2,1,1
BRDA:47,3,0,0
BRDA:47,3,1,1
BRDA:52,4,0,0
BRDA:52,4,1,1
BRDA:67,5,0,0
BRDA:67,5,1,0
BRDA:71,6,0,0
BRDA:71,6,1,0
BRF:14
BRH:5
end_of_record
TN:
SF:server.js
FNF:0
FNH:0
DA:1,2
DA:2,2
DA:3,2
DA:4,2
DA:7,2
DA:8,2
DA:9,2
DA:10,2
DA:11,2
DA:16,2
DA:17,2
DA:19,2
DA:20,2
DA:24,2
DA:25,2
DA:26,2
LF:16
LH:16
BRDA:24,0,0,2
BRDA:24,0,1,2
BRF:2
BRH:2
end_of_record
TN:
SF:config-db/connection.js
FN:12,(anonymous_0)
FN:14,(anonymous_1)
FNF:2
FNH:1
FNDA:2,(anonymous_0)
FNDA:0,(anonymous_1)
DA:2,2
DA:4,2
DA:12,2
DA:13,2
DA:15,0
DA:18,2
LF:6
LH:5
BRF:0
BRH:0
end_of_record
TN:
SF:config-log/logger.js
FNF:0
FNH:0
DA:2,2
DA:3,2
DA:20,2
LF:3
LH:3
BRF:0
BRH:0
end_of_record
TN:
SF:controllers/account.controller.js
FN:10,(anonymous_0)
FN:21,(anonymous_1)
FN:32,(anonymous_2)
FN:44,(anonymous_3)
FNF:4
FNH:4
FNDA:2,(anonymous_0)
FNDA:2,(anonymous_1)
FNDA:1,(anonymous_2)
FNDA:1,(anonymous_3)
DA:3,2
DA:4,2
DA:5,2
DA:6,2
DA:7,2
DA:8,2
DA:10,2
DA:12,2
DA:14,2
DA:16,2
DA:18,2
DA:19,0
DA:21,2
DA:23,2
DA:24,0
DA:25,0
DA:27,2
DA:29,1
DA:32,1
DA:33,1
DA:44,2
DA:45,1
DA:46,1
DA:47,1
DA:48,0
DA:49,1
LF:26
LH:22
BRDA:18,0,0,0
BRDA:18,0,1,2
BRDA:18,1,0,2
BRDA:18,1,1,2
BRDA:23,2,0,0
BRDA:23,2,1,2
BRDA:27,3,0,1
BRDA:27,3,1,1
BRDA:47,4,0,0
BRDA:47,4,1,1
BRDA:47,5,0,1
BRDA:47,5,1,1
BRDA:47,5,2,1
BRF:13
BRH:10
end_of_record
TN:
SF:controllers/peiod.controller.js
FN:6,(anonymous_0)
FNF:1
FNH:1
FNDA:2,(anonymous_0)
DA:2,2
DA:3,2
DA:4,2
DA:6,2
DA:8,2
DA:10,2
DA:13,2
LF:7
LH:7
BRF:0
BRH:0
end_of_record
TN:
SF:models/account.model.js
FNF:0
FNH:0
DA:3,2
DA:8,2
DA:12,2
LF:3
LH:3
BRF:0
BRH:0
end_of_record
TN:
SF:routes/account.route.js
FNF:0
FNH:0
DA:2,2
DA:3,2
DA:4,2
DA:6,2
DA:7,2
DA:9,2
LF:6
LH:6
BRF:0
BRH:0
end_of_record
TN:
SF:routes/period.route.js
FNF:0
FNH:0
DA:1,2
DA:2,2
DA:3,2
DA:5,2
DA:7,2
LF:5
LH:5
BRF:0
BRH:0
end_of_record
